--- Copying files at Fri Jan 19 22:07:48 UTC 2024
--- Copying files at Fri Jan 19 22:48:17 UTC 2024
--- Copying files at Sat Jan 20 07:23:45 UTC 2024
--- Copying files at Sat Jan 20 12:35:28 UTC 2024
--- Copying files at Sat Jan 20 12:59:45 UTC 2024
--- Copying files at Sat Jan 20 14:46:56 UTC 2024
--- Copying files at Sat Jan 20 15:04:58 UTC 2024
--- Copying files at Sat Jan 20 20:17:51 UTC 2024
--- Copying files at Sat Jan 20 20:36:34 UTC 2024
--- Copying files at Sat Jan 20 20:45:19 UTC 2024
--- Copying files at Sat Jan 20 20:46:23 UTC 2024
--- Copying files at Sat Jan 20 20:47:09 UTC 2024
--- Copying files at Sat Jan 20 21:21:18 UTC 2024
--- Copying files at Tue Jan 23 18:04:41 UTC 2024
--- Copying files at Tue Jan 23 18:12:31 UTC 2024
--- Copying files at Tue Jan 23 18:55:18 UTC 2024
--- Copying files at Tue Jan 23 22:02:14 UTC 2024
--- Copying files at Wed Jan 24 09:04:24 UTC 2024
--- Copying files at Wed Jan 24 15:01:56 UTC 2024
--- Copying files at Wed Jan 24 15:54:02 UTC 2024
--- Copying files at Wed Jan 24 16:50:34 UTC 2024
--- Copying files at Wed Jan 24 17:45:01 UTC 2024
--- Copying files at Thu Jan 25 08:54:35 UTC 2024
--- Copying files at Thu Jan 25 09:22:02 UTC 2024
--- Copying files at Thu Jan 25 09:30:25 UTC 2024
--- Copying files at Thu Jan 25 09:38:51 UTC 2024
--- Copying files at Thu Jan 25 12:42:59 UTC 2024
--- Copying files at Thu Jan 25 19:18:09 UTC 2024
--- Copying files at Fri Jan 26 12:10:21 UTC 2024
--- Copying files at Sat Jan 27 19:23:30 UTC 2024
--- Copying files at Sat Jan 27 19:41:58 UTC 2024
--- Copying files at Sat Jan 27 21:04:44 UTC 2024
--- Copying files at Sun Jan 28 11:13:33 UTC 2024
--- Copying files at Sun Jan 28 11:55:32 UTC 2024
--- Copying files at Sun Jan 28 16:15:06 UTC 2024
--- Copying files at Mon Jan 29 14:16:51 UTC 2024
--- Copying files at Mon Jan 29 14:41:30 UTC 2024
