Started at Mon Jan 29 14:51:05 UTC 2024
Processing ansible-test
Offering ansible-test to Project Build Discarder
Processing ansible-users-db
Offering ansible-users-db to Project Build Discarder
Processing dsl-job
Offering dsl-job to Project Build Discarder
Processing first-job
Offering first-job to Project Build Discarder
Processing job_dsl_created
Offering job_dsl_created to Project Build Discarder
Processing maven-job
Offering maven-job to Project Build Discarder
Processing pipeline
Offering pipeline to Project Build Discarder
Processing remote-task
Offering remote-task to Project Build Discarder
Finished at Mon Jan 29 14:51:05 UTC 2024. 10ms
Started at Mon Jan 29 15:51:05 UTC 2024
Processing ansible-test
Offering ansible-test to Project Build Discarder
Processing ansible-users-db
Offering ansible-users-db to Project Build Discarder
Processing dsl-job
Offering dsl-job to Project Build Discarder
Processing first-job
Offering first-job to Project Build Discarder
Processing job_dsl_created
Offering job_dsl_created to Project Build Discarder
Processing maven-job
Offering maven-job to Project Build Discarder
Processing pipeline
Offering pipeline to Project Build Discarder
Processing remote-task
Offering remote-task to Project Build Discarder
Finished at Mon Jan 29 15:51:05 UTC 2024. 8ms
Started at Mon Jan 29 17:03:52 UTC 2024
Processing ansible-test
Offering ansible-test to Project Build Discarder
Processing ansible-users-db
Offering ansible-users-db to Project Build Discarder
Processing dsl-job
Offering dsl-job to Project Build Discarder
Processing first-job
Offering first-job to Project Build Discarder
Processing job_dsl_created
Offering job_dsl_created to Project Build Discarder
Processing maven-job
Offering maven-job to Project Build Discarder
Processing pipeline
Offering pipeline to Project Build Discarder
Processing remote-task
Offering remote-task to Project Build Discarder
Finished at Mon Jan 29 17:03:52 UTC 2024. 3ms
Started at Mon Jan 29 17:51:05 UTC 2024
Processing ansible-test
Offering ansible-test to Project Build Discarder
Processing ansible-users-db
Offering ansible-users-db to Project Build Discarder
Processing dsl-job
Offering dsl-job to Project Build Discarder
Processing first-job
Offering first-job to Project Build Discarder
Processing job_dsl_created
Offering job_dsl_created to Project Build Discarder
Processing maven-job
Offering maven-job to Project Build Discarder
Processing pipeline
Offering pipeline to Project Build Discarder
Processing remote-task
Offering remote-task to Project Build Discarder
Finished at Mon Jan 29 17:51:05 UTC 2024. 4ms
Started at Mon Jan 29 19:34:59 UTC 2024
Processing ansible-test
Offering ansible-test to Project Build Discarder
Processing ansible-users-db
Offering ansible-users-db to Project Build Discarder
Processing dsl-job
Offering dsl-job to Project Build Discarder
Processing first-job
Offering first-job to Project Build Discarder
Processing job_dsl_created
Offering job_dsl_created to Project Build Discarder
Processing maven-job
Offering maven-job to Project Build Discarder
Processing pipeline
Offering pipeline to Project Build Discarder
Processing remote-task
Offering remote-task to Project Build Discarder
Finished at Mon Jan 29 19:34:59 UTC 2024. 210ms
Started at Mon Jan 29 19:51:05 UTC 2024
Processing ansible-test
Offering ansible-test to Project Build Discarder
Processing ansible-users-db
Offering ansible-users-db to Project Build Discarder
Processing dsl-job
Offering dsl-job to Project Build Discarder
Processing first-job
Offering first-job to Project Build Discarder
Processing job_dsl_created
Offering job_dsl_created to Project Build Discarder
Processing maven-job
Offering maven-job to Project Build Discarder
Processing pipeline
Offering pipeline to Project Build Discarder
Processing remote-task
Offering remote-task to Project Build Discarder
Finished at Mon Jan 29 19:51:05 UTC 2024. 19ms
Started at Mon Jan 29 20:52:27 UTC 2024
Processing ansible-test
Offering ansible-test to Project Build Discarder
Processing ansible-users-db
Offering ansible-users-db to Project Build Discarder
Processing dsl-job
Offering dsl-job to Project Build Discarder
Processing first-job
Offering first-job to Project Build Discarder
Processing job_dsl_created
Offering job_dsl_created to Project Build Discarder
Processing maven-job
Offering maven-job to Project Build Discarder
Processing pipeline
Offering pipeline to Project Build Discarder
Processing remote-task
Offering remote-task to Project Build Discarder
Finished at Mon Jan 29 20:52:27 UTC 2024. 4ms
Started at Mon Jan 29 21:51:05 UTC 2024
Processing ansible-test
Offering ansible-test to Project Build Discarder
Processing ansible-users-db
Offering ansible-users-db to Project Build Discarder
Processing docker-pipeline-maven
Offering docker-pipeline-maven to Project Build Discarder
Processing dsl-job
Offering dsl-job to Project Build Discarder
Processing first-job
Offering first-job to Project Build Discarder
Processing job_dsl_created
Offering job_dsl_created to Project Build Discarder
Processing maven-job
Offering maven-job to Project Build Discarder
Processing pipeline
Offering pipeline to Project Build Discarder
Processing remote-task
Offering remote-task to Project Build Discarder
Finished at Mon Jan 29 21:51:05 UTC 2024. 3ms
